==================================================== busybox touch abc ====================================================

[ 60.140455 0:6 syscall_entry::syscall:38] [syscall] id = SET_TID_ADDRESS, args = [1457172, 248, 0, 18446744073708088664, 1, 1], entry
[ 60.172291 0:6 syscall_entry::syscall:47] [syscall] id = 96, args = [1457172, 248, 0, 18446744073708088664, 1, 1], return 6
[ 60.195900 0:6 syscall_entry::syscall:38] [syscall] id = GETUID, args = [1073741394, 47, 1073741394, 98, 1073741394, 1073741394], entry
[ 60.221776 0:6 syscall_entry::syscall:47] [syscall] id = 174, args = [1073741394, 47, 1073741394, 98, 1073741394, 1073741394], return 0
[ 60.239349 0:6 syscall_entry::syscall:29] [syscall] id = UTIMENSAT, args = [18446744073709551516, 1073741384, 0, 0, 0, 0], entry
[ 62.010726 0:6 syscall_entry::syscall:47] [syscall] id = 88, args = [18446744073709551516, 1073741384, 0, 0, 0, 0], return 0
[ 62.028929 0:6 syscall_entry::syscall:38] [syscall] id = EXIT_GROUP, args = [0, 0, 0, 0, 0, 0], entry

==================================================== busybox mv abc bin/ ====================================================

[ 80.708070 0:6 syscall_entry::syscall:38] [syscall] id = SET_TID_ADDRESS, args = [1457172, 248, 0, 18446744073708088664, 1, 1], entry
[ 80.723000 0:6 syscall_entry::syscall:47] [syscall] id = 96, args = [1457172, 248, 0, 18446744073708088664, 1, 1], return 6
[ 80.743645 0:6 syscall_entry::syscall:38] [syscall] id = GETUID, args = [1073741394, 47, 1073741394, 98, 1073741394, 1073741394], entry
[ 80.754384 0:6 syscall_entry::syscall:47] [syscall] id = 174, args = [1073741394, 47, 1073741394, 98, 1073741394, 1073741394], return 0
[ 80.775450 0:6 syscall_entry::syscall:29] [syscall] id = FSTATAT, args = [18446744073709551516, 1073741382, 1073740160, 0, 1073741382, 18446744073709551516], entry
[ 80.806092 0:6 fatfs::dir:140] Is a directory
[ 80.834425 0:6 syscall_entry::syscall:47] [syscall] id = 79, args = [18446744073709551516, 1073741382, 1073740160, 0, 1073741382, 18446744073709551516], return 0
[ 80.856809 0:6 syscall_entry::syscall:21] [syscall] id = BRK, args = [0, 64, 1458528, 0, 1457024, 4096], entry
[ 80.865595 0:6 syscall_entry::syscall:47] [syscall] id = 214, args = [0, 64, 1458528, 0, 1457024, 4096], return 1067450368
[ 80.876861 0:6 syscall_entry::syscall:21] [syscall] id = MMAP, args = [0, 4096, 3, 34, 18446744073709551615, 0], entry
[ 80.893941 0:6 syscall_entry::syscall:47] [syscall] id = 222, args = [0, 4096, 3, 34, 18446744073709551615, 0], return 4096
[ 80.917225 0:6 syscall_entry::syscall:29] [syscall] id = FSTATAT, args = [18446744073709551516, 4128, 1073740160, 0, 4128, 18446744073709551516], entry
[ 81.021491 0:6 syscall_entry::syscall:47] [syscall] id = 79, args = [18446744073709551516, 4128, 1073740160, 0, 4128, 18446744073709551516], return -64
[ 81.042344 0:6 syscall_entry::syscall:29] [syscall] id = WRITE, args = [2, 1073740112, 47, 0, 0, 0], entry
mv: can't stat 'bin/abc': No error information
[ 81.059920 0:6 syscall_entry::syscall:47] [syscall] id = 64, args = [2, 1073740112, 47, 0, 0, 0], return 47
[ 81.072551 0:6 syscall_entry::syscall:38] [syscall] id = EXIT_GROUP, args = [1, 0, 0, 1459576, 0, 1], entry

==================================================== busybox ls bin/abc ====================================================

[ 99.668975 0:6 syscall_entry::syscall:38] [syscall] id = SET_TID_ADDRESS, args = [1457172, 248, 0, 18446744073708088664, 1, 1], entry
[ 99.684396 0:6 syscall_entry::syscall:47] [syscall] id = 96, args = [1457172, 248, 0, 18446744073708088664, 1, 1], return 6
[ 99.703854 0:6 syscall_entry::syscall:38] [syscall] id = GETUID, args = [1073741394, 47, 1073741394, 98, 1073741394, 1073741394], entry
[ 99.720334 0:6 syscall_entry::syscall:47] [syscall] id = 174, args = [1073741394, 47, 1073741394, 98, 1073741394, 1073741394], return 0
[ 99.743118 0:6 syscall_entry::syscall:38] [syscall] id = CLOCK_GET_TIME, args = [0, 1073740640, 24, 24, 1457480, 0], entry
[ 99.756191 0:6 syscall_entry::syscall:47] [syscall] id = 113, args = [0, 1073740640, 24, 24, 1457480, 0], return 0
[ 99.773509 0:6 syscall_entry::syscall:29] [syscall] id = IOCTL, args = [0, 21523, 1073740584, 18446744073709551578, 1457480, 1073740528], entry
[ 99.792659 0:6 syscall_entry::syscall:47] [syscall] id = 29, args = [0, 21523, 1073740584, 18446744073709551578, 1457480, 1073740528], return 0
[ 99.815217 0:6 syscall_entry::syscall:29] [syscall] id = IOCTL, args = [1, 21523, 1073740648, 2, 0, 1332386], entry
[ 99.824071 0:6 syscall_entry::syscall:47] [syscall] id = 29, args = [1, 21523, 1073740648, 2, 0, 1332386], return 0
[ 99.836051 0:6 syscall_entry::syscall:29] [syscall] id = IOCTL, args = [1, 21523, 1073740648, 68, 2, 0], entry
[ 99.849454 0:6 syscall_entry::syscall:47] [syscall] id = 29, args = [1, 21523, 1073740648, 68, 2, 0], return 0
[ 99.863974 0:6 syscall_entry::syscall:21] [syscall] id = BRK, args = [0, 160, 1458528, 0, 1457024, 4096], entry
[ 99.879705 0:6 syscall_entry::syscall:47] [syscall] id = 214, args = [0, 160, 1458528, 0, 1457024, 4096], return 1067450368
[ 99.895548 0:6 syscall_entry::syscall:21] [syscall] id = MMAP, args = [0, 4096, 3, 34, 18446744073709551615, 0], entry
[ 99.903246 0:6 syscall_entry::syscall:47] [syscall] id = 222, args = [0, 4096, 3, 34, 18446744073709551615, 0], return 4096
[ 99.919318 0:6 syscall_entry::syscall:29] [syscall] id = FSTATAT, args = [18446744073709551516, 1073741383, 1073740256, 0, 1073741383, 18446744073709551516], entry
[100.011304 0:6 syscall_entry::syscall:47] [syscall] id = 79, args = [18446744073709551516, 1073741383, 1073740256, 0, 1073741383, 18446744073709551516], return -64
[100.042643 0:6 syscall_entry::syscall:29] [syscall] id = WRITE, args = [2, 1073740208, 34, 0, 0, 0], entry
ls: bin/abc: No error information
[100.070083 0:6 syscall_entry::syscall:47] [syscall] id = 64, args = [2, 1073740208, 34, 0, 0, 0], return 34
[100.090969 0:6 syscall_entry::syscall:38] [syscall] id = EXIT_GROUP, args = [1, 0, 0, 1459576, 0, 1], entry